<?xml version="1.0" encoding="UTF-8"?>
<!-- Generated by org.testng.reporters.JUnitXMLReporter -->
<testsuite hostname="Diya" ignored="5" name="Smoke Test" tests="2" failures="0" timestamp="2022-12-12T22:34:50 GMT" time="50.107" errors="0">
  <testcase name="verifyUserShouldNavigateToElectronics" time="1.188" classname="com.nopcommerce.demo.testsuite.HomePageTest"/>
  <testcase name="verifyThatTheProductAddedSuccessfullyAndPlaceOrderSuccessfully" time="35.183" classname="com.nopcommerce.demo.testsuite.ElectronicTest"/>
  <testcase name="verifyUserShouldNavigateToApparel" time="0.0" classname="com.nopcommerce.demo.testsuite.HomePageTest">
    <ignored/>
  </testcase> <!-- verifyUserShouldNavigateToApparel -->
  <testcase name="verifyProductArrangeInAlphaBaticalOrder" time="0.0" classname="com.nopcommerce.demo.testsuite.ComputerTest">
    <ignored/>
  </testcase> <!-- verifyProductArrangeInAlphaBaticalOrder -->
  <testcase name="verifyUserShouldNavigateToCellPhonesPageSuccessfully" time="0.0" classname="com.nopcommerce.demo.testsuite.ElectronicTest">
    <ignored/>
  </testcase> <!-- verifyUserShouldNavigateToCellPhonesPageSuccessfully -->
  <testcase name="verifyUserShouldNavigateToComputer" time="0.0" classname="com.nopcommerce.demo.testsuite.HomePageTest">
    <ignored/>
  </testcase> <!-- verifyUserShouldNavigateToComputer -->
  <testcase name="verifyProductAddedToShoppingCartSuccessFully" time="0.0" classname="com.nopcommerce.demo.testsuite.ComputerTest1">
    <ignored/>
  </testcase> <!-- verifyProductAddedToShoppingCartSuccessFully -->
</testsuite> <!-- Smoke Test -->
