<?xml version="1.0" encoding="UTF-8"?>
<!-- Generated by org.testng.reporters.JUnitXMLReporter -->
<testsuite hostname="Diya" ignored="3" name="Sanity Test" tests="4" failures="0" timestamp="2022-12-12T22:30:37 GMT" time="46.068" errors="0">
  <testcase name="verifyUserShouldNavigateToComputer" time="1.257" classname="com.nopcommerce.demo.testsuite.HomePageTest"/>
  <testcase name="verifyUserShouldNavigateToCellPhonesPageSuccessfully" time="1.433" classname="com.nopcommerce.demo.testsuite.ElectronicTest"/>
  <testcase name="verifyProductAddedToShoppingCartSuccessFully" time="16.665" classname="com.nopcommerce.demo.testsuite.ComputerTest1"/>
  <testcase name="verifyProductArrangeInAlphaBaticalOrder" time="1.691" classname="com.nopcommerce.demo.testsuite.ComputerTest"/>
  <testcase name="verifyUserShouldNavigateToApparel" time="0.0" classname="com.nopcommerce.demo.testsuite.HomePageTest">
    <ignored/>
  </testcase> <!-- verifyUserShouldNavigateToApparel -->
  <testcase name="verifyUserShouldNavigateToElectronics" time="0.0" classname="com.nopcommerce.demo.testsuite.HomePageTest">
    <ignored/>
  </testcase> <!-- verifyUserShouldNavigateToElectronics -->
  <testcase name="verifyThatTheProductAddedSuccessfullyAndPlaceOrderSuccessfully" time="0.0" classname="com.nopcommerce.demo.testsuite.ElectronicTest">
    <ignored/>
  </testcase> <!-- verifyThatTheProductAddedSuccessfullyAndPlaceOrderSuccessfully -->
</testsuite> <!-- Sanity Test -->
