<?xml version="1.0" encoding="UTF-8"?>
<!-- Generated by org.testng.reporters.JUnitXMLReporter -->
<testsuite hostname="Diya" ignored="0" name="MyAccount Test" tests="7" failures="0" timestamp="2022-12-12T22:44:14 GMT" time="92.566" errors="0">
  <testcase name="verifyProductArrangeInAlphaBaticalOrder" time="1.602" classname="com.nopcommerce.demo.testsuite.ComputerTest"/>
  <testcase name="verifyProductAddedToShoppingCartSuccessFully" time="16.505" classname="com.nopcommerce.demo.testsuite.ComputerTest1"/>
  <testcase name="verifyThatTheProductAddedSuccessfullyAndPlaceOrderSuccessfully" time="36.565" classname="com.nopcommerce.demo.testsuite.ElectronicTest"/>
  <testcase name="verifyUserShouldNavigateToCellPhonesPageSuccessfully" time="0.923" classname="com.nopcommerce.demo.testsuite.ElectronicTest"/>
  <testcase name="verifyUserShouldNavigateToApparel" time="0.711" classname="com.nopcommerce.demo.testsuite.HomePageTest"/>
  <testcase name="verifyUserShouldNavigateToComputer" time="1.209" classname="com.nopcommerce.demo.testsuite.HomePageTest"/>
  <testcase name="verifyUserShouldNavigateToElectronics" time="1.181" classname="com.nopcommerce.demo.testsuite.HomePageTest"/>
</testsuite> <!-- MyAccount Test -->
